---------------
Sat Jun  8 01:26:18 EDT 2024
---------------
Sat Jun  8 01:27:21 EDT 2024
---------------
Sat Jun  8 01:29:15 EDT 2024
total 32
-rw-r--r--  1 duraimurganayyamperumal  staff   14 Jun  8 01:16 README.md
-rw-r--r--  1 duraimurganayyamperumal  staff  649 Jun  8 01:16 profile.py
-rw-r--r--  1 duraimurganayyamperumal  staff  135 Jun  8 01:29 state.log
-rw-r--r--  1 duraimurganayyamperumal  staff    0 Jun  8 01:26 state.making
-rwxr-xr-x  1 duraimurganayyamperumal  staff   95 Jun  8 01:29 stateGit.sh
---------------
Sat Jun  8 01:30:01 EDT 2024
total 32
-rw-r--r--  1 duraimurganayyamperumal  staff   14 Jun  8 01:16 README.md
-rw-r--r--  1 duraimurganayyamperumal  staff  649 Jun  8 01:16 profile.py
-rw-r--r--  1 duraimurganayyamperumal  staff  560 Jun  8 01:30 state.log
-rw-r--r--  1 duraimurganayyamperumal  staff    0 Jun  8 01:26 state.making
-rwxr-xr-x  1 duraimurganayyamperumal  staff   95 Jun  8 01:29 stateGit.sh
